XDG_VTNR=7
QT_SELECT=snappy-qt4
XDG_SESSION_ID=c1
SSH_AGENT_PID=1379
GST_PLUGIN_SCANNER=/snap/acestreamplayer/7/usr/lib/x86_64-linux-gnu/gstreamer1.0/gstreamer-1.0/gst-plugin-scanner
XDG_GREETER_DATA_DIR=/var/lib/lightdm-data/oem
XDG_DATA_HOME=/home/oem/snap/acestreamplayer/common/.local/share
SNAP_INSTANCE_USER_COMMON=/home/oem/snap/acestreamplayer/common
GDK_PIXBUF_MODULEDIR=/snap/acestreamplayer/7/usr/lib/x86_64-linux-gnu/gdk-pixbuf-2.0/2.10.0/loaders
GPG_AGENT_INFO=/run/user/29999/gnupg/S.gpg-agent:0:1
MIR_CLIENT_PLATFORM_PATH=/snap/acestreamplayer/7/usr/lib/x86_64-linux-gnu/mir/client-platform
SHELL=/bin/bash
SNAP_USER_COMMON=/home/oem/snap/acestreamplayer/common
BAMF_DESKTOP_FILE_HINT=/var/lib/snapd/desktop/applications/acestreamplayer_engine.desktop
SNAP_CONTEXT=GSV7d7Qhr059YvQFGYb1WVvvwTV5HtnLbr1gLcJ7lbjJ
TMPDIR=/tmp
SNAP_INSTANCE_DATA=/var/snap/acestreamplayer/7
LD_PRELOAD=/snap/acestreamplayer/7/usr/lib/bindtextdomain.so
GIO_MODULE_DIR=/home/oem/snap/acestreamplayer/common/.cache/gio-modules
GTK_MODULES=gail:atk-bridge
LOCPATH=:/snap/acestreamplayer/7/usr/lib/locale
SNAP_REEXEC=
USER=oem
FONTCONFIG_FILE=/snap/acestreamplayer/7/etc/fonts/fonts.conf
GST_PLUGIN_SYSTEM_PATH=/snap/acestreamplayer/7/usr/lib/x86_64-linux-gnu/gstreamer-1.0
LIBGL_DRIVERS_PATH=/snap/acestreamplayer/7/usr/lib/x86_64-linux-gnu/dri
QT_ACCESSIBILITY=1
DESKTOP_AUTOSTART_ID=10c555db49fbeaab56155061300526408300000013110016
LD_LIBRARY_PATH=/var/lib/snapd/lib/gl:/var/lib/snapd/lib/gl32:/var/lib/snapd/void:/snap/acestreamplayer/7/lib/x86_64-linux-gnu:/snap/acestreamplayer/7/usr/lib:/snap/acestreamplayer/7/usr/lib/x86_64-linux-gnu:/snap/acestreamplayer/7/usr/lib/x86_64-linux-gnu/mesa:/snap/acestreamplayer/7/usr/lib/x86_64-linux-gnu/pulseaudio:/snap/acestreamplayer/7/usr/lib/x86_64-linux-gnu/mesa-egl:/snap/acestreamplayer/7/usr/lib/x86_64-linux-gnu/mesa::/snap/acestreamplayer/7/lib:/snap/acestreamplayer/7/usr/lib:/snap/acestreamplayer/7/lib/x86_64-linux-gnu:/snap/acestreamplayer/7/usr/lib/x86_64-linux-gnu:/snap/acestreamplayer/7/usr/lib/:/snap/acestreamplayer/7/opt/acestream/lib:/snap/acestreamplayer/7/usr/lib/x86_64-linux-gnu/mesa:/snap/acestreamplayer/7/usr/lib/x86_64-linux-gnu/mesa-egl:/snap/acestreamplayer/7/usr/lib/x86_64-linux-gnu/dri:/var/lib/snapd/lib/gl:/snap/acestreamplayer/7/usr/lib/x86_64-linux-gnu/pulseaudio:/snap/acestreamplayer/7/usr/lib/x86_64-linux-gnu/qt4
QML_IMPORT_PATH=/snap/acestreamplayer/7/usr/lib/x86_64-linux-gnu/qt4/qml:/snap/acestreamplayer/7/lib/x86_64-linux-gnu:
XDG_SESSION_PATH=/org/freedesktop/DisplayManager/Session0
XDG_SEAT_PATH=/org/freedesktop/DisplayManager/Seat0
SNAP_INSTANCE_COMMON=/var/snap/acestreamplayer/common
SSH_AUTH_SOCK=/run/user/29999/keyring/ssh
SNAP_LIBRARY_PATH=/var/lib/snapd/lib/gl:/var/lib/snapd/lib/gl32:/var/lib/snapd/void
SESSION_MANAGER=local/vs:@/tmp/.ICE-unix/1311,unix/vs:/tmp/.ICE-unix/1311
SNAP_INSTANCE_NAME=acestreamplayer
DEFAULTS_PATH=/usr/share/gconf/cinnamon.default.path
SNAP_COMMON=/var/snap/acestreamplayer/common
SNAP_USER_DATA=/home/oem/snap/acestreamplayer/7
SQLITE_TMPDIR=/home/oem/snap/acestreamplayer/common/tmp
XDG_CONFIG_DIRS=/snap/acestreamplayer/7/etc/xdg:/snap/acestreamplayer/7/usr/xdg:/etc/xdg/xdg-cinnamon:/etc/xdg
SNAP_DATA=/var/snap/acestreamplayer/7
FONTCONFIG_PATH=/snap/acestreamplayer/7/etc/fonts/conf.d
PATH=/snap/acestreamplayer/7/usr/lib/x86_64-linux-gnu/qt4/bin:/snap/acestreamplayer/7/usr/sbin:/snap/acestreamplayer/7/usr/bin:/snap/acestreamplayer/7/sbin:/snap/acestreamplayer/7/bin:/usr/local/sbin:/usr/local/bin:/usr/sbin:/usr/bin:/sbin:/bin:/usr/games:/usr/local/games:/usr/local/bin
DESKTOP_SESSION=cinnamon
QTCHOOSER_NO_GLOBAL_DIR=1
QT_QPA_PLATFORMTHEME=qt5ct
TEMPDIR=/tmp
GDK_PIXBUF_MODULE_FILE=/home/oem/snap/acestreamplayer/common/.cache/gdk-pixbuf-loaders.cache
APP_DIR=/snap/acestreamplayer/7
PWD=/home/oem
XDG_SESSION_TYPE=x11
XKB_CONFIG_ROOT=/snap/acestreamplayer/7/usr/share/X11/xkb
MIR_SOCKET=/run/user/29999/mir_socket
LANG=ru_RU.UTF-8
GDM_LANG=ru
MANDATORY_PATH=/usr/share/gconf/cinnamon.mandatory.path
PYTHONHOME=/snap/acestreamplayer/7/usr
UBUNTU_MENUPROXY=
GDMSESSION=cinnamon
SNAP_REVISION=7
HOME=/home/oem/snap/acestreamplayer/common
SHLVL=1
XDG_SEAT=seat0
SNAP_NAME=acestreamplayer
LANGUAGE=ru
GNOME_DESKTOP_SESSION_ID=this-is-deprecated
QTCOMPOSE=/snap/acestreamplayer/7/usr/share/X11/locale
SNAP_COOKIE=GSV7d7Qhr059YvQFGYb1WVvvwTV5HtnLbr1gLcJ7lbjJ
GTK_OVERLAY_SCROLLING=1
GTK_PATH=/snap/acestreamplayer/7/usr/lib/x86_64-linux-gnu/gtk-2.0
XDG_CACHE_HOME=/home/oem/snap/acestreamplayer/common/.cache
XDG_SESSION_DESKTOP=cinnamon
LOGNAME=oem
XDG_DATA_DIRS=/home/oem/snap/acestreamplayer/common/.local/share:/home/oem/snap/acestreamplayer/common:/snap/acestreamplayer/7/usr/share:/usr/share/cinnamon:/usr/share/gnome:/home/oem/.local/share/flatpak/exports/share:/var/lib/flatpak/exports/share:/usr/local/share:/usr/share:/var/lib/snapd/desktop
DBUS_SESSION_BUS_ADDRESS=unix:path=/run/user/29999/bus
SNAP_ARCH=amd64
TEXTDOMAIN=acestreamplayer
SNAP_VERSION=3.0.2-snap9
GI_TYPELIB_PATH=/snap/acestreamplayer/7/usr/lib/girepository-1.0:/snap/acestreamplayer/7/usr/lib/x86_64-linux-gnu/girepository-1.0
SNAP_INSTANCE=/snap/acestreamplayer/7
DISPLAY=:0
XDG_RUNTIME_DIR=/run/user/29999/snap.acestreamplayer
LOCALEDIR=/snap/acestreamplayer/7/usr/share/locale
QT_PLUGIN_PATH=/snap/acestreamplayer/7/usr/lib/x86_64-linux-gnu/qt4/plugins
SNAP_LAUNCHER_ARCH_TRIPLET=x86_64-linux-gnu
SNAP=/snap/acestreamplayer/7
XDG_CURRENT_DESKTOP=X-Cinnamon
SNAP_INSTANCE_USER_DATA=/home/oem/snap/acestreamplayer/7
XAUTHORITY=/home/oem/.Xauthority
_=/snap/acestreamplayer/7/usr/bin/printenv
